2025-03-20 12:01:06 - INFO - ******************************* Program started ********************************
2025-03-20 12:01:06 - INFO - Starting audit report generation
2025-03-20 12:01:06 - INFO - Audit report generation completed, file: data/audit_data.csv
2025-03-20 12:01:06 - INFO - -------------------------------- Program ended ---------------------------------
2025-03-25 22:21:07 - INFO - ******************************* Program started ********************************
2025-03-25 22:21:08 - INFO - Today's (2025-03-25) balance updated to 1_209_188.00
2025-03-25 22:21:08 - INFO - Difference from projected: -60_401.25 (-4.76%)
2025-03-25 22:21:08 - INFO - -------------------------------- Program ended ---------------------------------

2025-03-25 22:25:02 - INFO - ******************************* Program started ********************************
2025-03-26 23:58:56 - INFO - ******************************* Program started ********************************
2025-03-26 23:58:56 - INFO - Today's (2025-03-26) balance updated to 1_189_288.00
2025-03-26 23:58:56 - INFO - Difference from projected: -86_776.16 (-6.80%)
2025-03-26 23:58:56 - INFO - -------------------------------- Program ended ---------------------------------

2025-03-29 00:00:30 - INFO - ******************************* Program started ********************************
2025-03-29 00:00:41 - INFO - Today's (2025-03-29) balance updated to 1_113_693.00
2025-03-29 00:01:02 - INFO - ******************************* Program started ********************************
2025-03-29 00:01:11 - INFO - Today's (2025-03-29) balance updated to 1_113_693.00
2025-03-29 00:01:59 - INFO - ******************************* Program started ********************************
2025-03-29 00:02:27 - INFO - Today's (2025-03-29) balance updated to 1_112_108.00
2025-03-29 00:02:37 - INFO - ******************************* Program started ********************************
2025-03-29 00:02:38 - INFO - Today's (2025-03-29) balance updated to 1_112_108.00
2025-03-29 00:02:53 - INFO - ******************************* Program started ********************************
2025-03-31 23:28:49 - INFO - ******************************* Program started ********************************
2025-03-31 23:28:50 - INFO - Today's (2025-03-31) balance updated to 1_039_463.00
2025-03-31 23:28:50 - INFO - Difference from projected: -256_224.68 (-19.78%)
2025-03-31 23:28:50 - INFO - -------------------------------- Program ended ---------------------------------

2025-03-31 23:31:58 - INFO - ******************************* Program started ********************************
2025-03-31 23:32:10 - INFO - Today's (2025-03-31) balance updated to 1_039_463.00
2025-03-31 23:32:10 - INFO - Difference from projected: -256_224.68 (-19.78%)
2025-03-31 23:32:10 - INFO - -------------------------------- Program ended ---------------------------------

2025-04-01 23:50:34 - INFO - ******************************* Program started ********************************
2025-04-01 23:50:35 - INFO - Today's (2025-04-01) balance updated to 1_039_464.00
2025-04-01 23:50:35 - INFO - Difference from projected: -262_831.69 (-20.18%)
2025-04-01 23:50:35 - INFO - -------------------------------- Program ended ---------------------------------

2025-04-02 23:46:26 - INFO - ******************************* Program started ********************************
2025-04-02 23:46:28 - INFO - Today's (2025-04-02) balance updated to 1_022_460.00
2025-04-02 23:46:28 - INFO - Difference from projected: -286_477.40 (-21.89%)
2025-04-02 23:46:28 - INFO - -------------------------------- Program ended ---------------------------------

